d:\code\screenshot\screenshot\x64\release\picturepicker.obj
d:\code\screenshot\screenshot\x64\release\screenshot.obj
d:\code\screenshot\screenshot\x64\release\picturedialog.obj
d:\code\screenshot\screenshot\x64\release\main.obj
d:\code\screenshot\screenshot\x64\release\moc_picturedialog.obj
d:\code\screenshot\screenshot\x64\release\moc_picturepicker.obj
d:\code\screenshot\screenshot\x64\release\moc_screenshot.obj
d:\code\screenshot\screenshot\x64\release\qrc_screenshot.obj
d:\code\screenshot\x64\release\screenshot.exe
d:\code\screenshot\screenshot\x64\release\moc\moc_screenshot.cpp
d:\code\screenshot\screenshot\x64\release\moc\moc_picturedialog.cpp
d:\code\screenshot\screenshot\x64\release\moc\moc_picturepicker.cpp
d:\code\screenshot\screenshot\x64\release\rcc\qrc_screenshot.cpp
d:\code\screenshot\screenshot\x64\release\uic\ui_screenshot.h
d:\code\screenshot\screenshot\x64\release\uic\ui_picturedialog.h
d:\code\screenshot\screenshot\x64\release\screenshot.tlog\cl.command.1.tlog
d:\code\screenshot\screenshot\x64\release\screenshot.tlog\cl.read.1.tlog
d:\code\screenshot\screenshot\x64\release\screenshot.tlog\cl.write.1.tlog
d:\code\screenshot\screenshot\x64\release\screenshot.tlog\link.command.1.tlog
d:\code\screenshot\screenshot\x64\release\screenshot.tlog\link.read.1.tlog
d:\code\screenshot\screenshot\x64\release\screenshot.tlog\link.write.1.tlog
d:\code\screenshot\screenshot\x64\release\screenshot.tlog\moc.read.1u.tlog
d:\code\screenshot\screenshot\x64\release\screenshot.tlog\moc.write.1u.tlog
d:\code\screenshot\screenshot\x64\release\screenshot.tlog\rcc.read.1u.tlog
d:\code\screenshot\screenshot\x64\release\screenshot.tlog\rcc.write.1u.tlog
d:\code\screenshot\screenshot\x64\release\screenshot.tlog\screenshot.write.1u.tlog
d:\code\screenshot\screenshot\x64\release\screenshot.tlog\uic.read.1u.tlog
d:\code\screenshot\screenshot\x64\release\screenshot.tlog\uic.write.1u.tlog
