d:\code\screenshot\screenshot\x64\debug\qrc_screenshot.obj
d:\code\screenshot\screenshot\x64\debug\moc_picturedialog.obj
d:\code\screenshot\screenshot\x64\debug\moc_screenshot.obj
d:\code\screenshot\screenshot\x64\debug\picturedialog.obj
d:\code\screenshot\screenshot\x64\debug\screenshot.obj
d:\code\screenshot\screenshot\x64\debug\main.obj
d:\code\screenshot\screenshot\x64\debug\vc142.pdb
d:\code\screenshot\x64\debug\screenshot.exe
d:\code\screenshot\x64\debug\screenshot.ilk
d:\code\screenshot\x64\debug\screenshot.pdb
d:\code\screenshot\screenshot\x64\debug\moc\moc_screenshot.cpp
d:\code\screenshot\screenshot\x64\debug\moc\moc_picturedialog.cpp
d:\code\screenshot\screenshot\x64\debug\rcc\qrc_screenshot.cpp
d:\code\screenshot\screenshot\x64\debug\uic\ui_picturedialog.h
d:\code\screenshot\screenshot\x64\debug\uic\ui_screenshot.h
d:\code\screenshot\screenshot\x64\debug\screenshot.tlog\cl.command.1.tlog
d:\code\screenshot\screenshot\x64\debug\screenshot.tlog\cl.read.1.tlog
d:\code\screenshot\screenshot\x64\debug\screenshot.tlog\cl.write.1.tlog
d:\code\screenshot\screenshot\x64\debug\screenshot.tlog\link.command.1.tlog
d:\code\screenshot\screenshot\x64\debug\screenshot.tlog\link.read.1.tlog
d:\code\screenshot\screenshot\x64\debug\screenshot.tlog\link.write.1.tlog
d:\code\screenshot\screenshot\x64\debug\screenshot.tlog\moc.read.1u.tlog
d:\code\screenshot\screenshot\x64\debug\screenshot.tlog\moc.write.1u.tlog
d:\code\screenshot\screenshot\x64\debug\screenshot.tlog\rcc.read.1u.tlog
d:\code\screenshot\screenshot\x64\debug\screenshot.tlog\rcc.write.1u.tlog
d:\code\screenshot\screenshot\x64\debug\screenshot.tlog\screenshot.write.1u.tlog
d:\code\screenshot\screenshot\x64\debug\screenshot.tlog\uic.read.1u.tlog
d:\code\screenshot\screenshot\x64\debug\screenshot.tlog\uic.write.1u.tlog
